2025-03-06 15:21:21,316 - INFO - grafos\toy.txt
Algoritmo de Dijkstra:
Caminho mínimo: [0, 2, 1]
Custo: 4
Tempo de Execução:  0.0000 segundos

2025-03-06 15:21:21,316 - INFO - grafos\toy.txt
Algoritmo de Bellman-Ford:
Caminho mínimo: [0, 2, 1]
Custo: 4
Tempo de Execução:  0.0000 segundos

2025-03-06 15:21:21,316 - INFO - grafos\toy.txt
Algoritmo de Floyd-Warshall:
Caminho mínimo: [0, 2, 1]
Custo: 4
Tempo de Execução:  0.0000 segundos

2025-03-06 15:21:24,580 - INFO - grafos\toy.txt
Algoritmo de Dijkstra:
Caminho mínimo: [0, 2]
Custo: 2
Tempo de Execução:  0.0010 segundos

2025-03-06 15:21:24,588 - INFO - grafos\toy.txt
Algoritmo de Bellman-Ford:
Caminho mínimo: [0, 2]
Custo: 2
Tempo de Execução:  0.0000 segundos

2025-03-06 15:21:24,588 - INFO - grafos\toy.txt
Algoritmo de Floyd-Warshall:
Caminho mínimo: [0, 2]
Custo: 2
Tempo de Execução:  0.0000 segundos

2025-03-06 15:21:26,616 - INFO - grafos\toy.txt
Algoritmo de Dijkstra:
Caminho mínimo: [0, 2, 1, 3]
Custo: 5
Tempo de Execução:  0.0000 segundos

2025-03-06 15:21:26,617 - INFO - grafos\toy.txt
Algoritmo de Bellman-Ford:
Caminho mínimo: [0, 2, 1, 3]
Custo: 5
Tempo de Execução:  0.0010 segundos

2025-03-06 15:21:26,617 - INFO - grafos\toy.txt
Algoritmo de Floyd-Warshall:
Caminho mínimo: [0, 2, 1, 3]
Custo: 5
Tempo de Execução:  0.0000 segundos

2025-03-06 15:21:34,060 - INFO - grafos\toy.txt
Algoritmo de Dijkstra:
Caminho mínimo: [0, 2, 1, 4]
Custo: 7
Tempo de Execução:  0.0000 segundos

2025-03-06 15:21:34,060 - INFO - grafos\toy.txt
Algoritmo de Bellman-Ford:
Caminho mínimo: [0, 2, 1, 4]
Custo: 7
Tempo de Execução:  0.0000 segundos

2025-03-06 15:21:34,060 - INFO - grafos\toy.txt
Algoritmo de Floyd-Warshall:
Caminho mínimo: [0, 2, 1, 4]
Custo: 7
Tempo de Execução:  0.0000 segundos

2025-03-06 15:22:01,617 - INFO - grafos\toy.txt
Algoritmo de Dijkstra:
Caminho mínimo: [2, 1, 4]
Custo: 5
Tempo de Execução:  0.0000 segundos

2025-03-06 15:22:01,618 - INFO - grafos\toy.txt
Algoritmo de Bellman-Ford:
Caminho mínimo: [2, 1, 4]
Custo: 5
Tempo de Execução:  0.0000 segundos

2025-03-06 15:22:01,618 - INFO - grafos\toy.txt
Algoritmo de Floyd-Warshall:
Caminho mínimo: [2, 1, 4]
Custo: 5
Tempo de Execução:  0.0000 segundos

2025-03-06 15:22:08,044 - INFO - grafos\toy.txt
Algoritmo de Dijkstra:
Caminho mínimo: [2, 1, 3]
Custo: 3
Tempo de Execução:  0.0000 segundos

2025-03-06 15:22:08,044 - INFO - grafos\toy.txt
Algoritmo de Bellman-Ford:
Caminho mínimo: [2, 1, 3]
Custo: 3
Tempo de Execução:  0.0000 segundos

2025-03-06 15:22:08,044 - INFO - grafos\toy.txt
Algoritmo de Floyd-Warshall:
Caminho mínimo: [2, 1, 3]
Custo: 3
Tempo de Execução:  0.0000 segundos

2025-03-06 15:22:13,066 - INFO - grafos\toy.txt
Algoritmo de Dijkstra:
Caminho mínimo: [1, 4]
Custo: 3
Tempo de Execução:  0.0000 segundos

2025-03-06 15:22:13,066 - INFO - grafos\toy.txt
Algoritmo de Bellman-Ford:
Caminho mínimo: [1, 4]
Custo: 3
Tempo de Execução:  0.0000 segundos

2025-03-06 15:22:13,066 - INFO - grafos\toy.txt
Algoritmo de Floyd-Warshall:
Caminho mínimo: [1, 4]
Custo: 3
Tempo de Execução:  0.0000 segundos

2025-03-06 15:22:16,225 - INFO - grafos\toy.txt
Algoritmo de Dijkstra:
Caminho mínimo: [1, 3]
Custo: 1
Tempo de Execução:  0.0000 segundos

2025-03-06 15:22:16,225 - INFO - grafos\toy.txt
Algoritmo de Bellman-Ford:
Caminho mínimo: [1, 3]
Custo: 1
Tempo de Execução:  0.0000 segundos

2025-03-06 15:22:16,225 - INFO - grafos\toy.txt
Algoritmo de Floyd-Warshall:
Caminho mínimo: [1, 3]
Custo: 1
Tempo de Execução:  0.0000 segundos

2025-03-06 15:22:19,581 - INFO - grafos\toy.txt
Algoritmo de Dijkstra:
Caminho mínimo: [3, 4]
Custo: 3
Tempo de Execução:  0.0000 segundos

2025-03-06 15:22:19,581 - INFO - grafos\toy.txt
Algoritmo de Bellman-Ford:
Caminho mínimo: [3, 4]
Custo: 3
Tempo de Execução:  0.0000 segundos

2025-03-06 15:22:19,581 - INFO - grafos\toy.txt
Algoritmo de Floyd-Warshall:
Caminho mínimo: [3, 4]
Custo: 3
Tempo de Execução:  0.0000 segundos

2025-03-06 15:23:24,409 - INFO - grafos\toy.txt
Algoritmo de Dijkstra:
Caminho mínimo: [2, 1]
Custo: 2
Tempo de Execução:  0.0000 segundos

2025-03-06 15:23:24,410 - INFO - grafos\toy.txt
Algoritmo de Bellman-Ford:
Caminho mínimo: [2, 1]
Custo: 2
Tempo de Execução:  0.0000 segundos

2025-03-06 15:23:24,410 - INFO - grafos\toy.txt
Algoritmo de Floyd-Warshall:
Caminho mínimo: [2, 1]
Custo: 2
Tempo de Execução:  0.0000 segundos

